0 info it worked if it ends with ok
1 verbose cli [ '/Users/juyu/.nvm/versions/node/v4.4.0/bin/node',
1 verbose cli   '/Users/juyu/.nvm/versions/node/v4.4.0/bin/npm',
1 verbose cli   'install',
1 verbose cli   'express' ]
2 info using npm@2.14.20
3 info using node@v4.4.0
4 verbose install initial load of /Users/juyu/Documents/angular-managesystem/package.json
5 verbose readDependencies loading dependencies from /Users/juyu/Documents/angular-managesystem/package.json
6 silly cache add args [ 'express', null ]
7 verbose cache add spec express
8 silly cache add parsed spec Result {
8 silly cache add   raw: 'express',
8 silly cache add   scope: null,
8 silly cache add   name: 'express',
8 silly cache add   rawSpec: '',
8 silly cache add   spec: 'latest',
8 silly cache add   type: 'tag' }
9 silly addNamed express@latest
10 verbose addNamed "latest" is being treated as a dist-tag for express
11 info addNameTag [ 'express', 'latest' ]
12 silly mapToRegistry name express
13 silly mapToRegistry using default registry
14 silly mapToRegistry registry https://registry.npmjs.org/
15 silly mapToRegistry uri https://registry.npmjs.org/express
16 verbose addNameTag registry:https://registry.npmjs.org/express not in flight; fetching
17 verbose request uri https://registry.npmjs.org/express
18 verbose request no auth needed
19 info attempt registry request try #1 at 2:44:13 PM
20 verbose request id e06e4576c8d7616b
21 http request GET https://registry.npmjs.org/express
22 info retry will retry, error on last attempt: Error: getaddrinfo ENOTFOUND registry.npmjs.org registry.npmjs.org:443
23 info attempt registry request try #2 at 2:44:23 PM
24 http request GET https://registry.npmjs.org/express
25 info retry will retry, error on last attempt: Error: getaddrinfo ENOTFOUND registry.npmjs.org registry.npmjs.org:443
26 info attempt registry request try #3 at 2:45:23 PM
27 http request GET https://registry.npmjs.org/express
28 verbose stack Error: getaddrinfo ENOTFOUND registry.npmjs.org registry.npmjs.org:443
28 verbose stack     at errnoException (dns.js:26:10)
28 verbose stack     at GetAddrInfoReqWrap.onlookup [as oncomplete] (dns.js:77:26)
29 verbose cwd /Users/juyu/Documents/angular-managesystem
30 error Darwin 14.5.0
31 error argv "/Users/juyu/.nvm/versions/node/v4.4.0/bin/node" "/Users/juyu/.nvm/versions/node/v4.4.0/bin/npm" "install" "express"
32 error node v4.4.0
33 error npm  v2.14.20
34 error code ENOTFOUND
35 error errno ENOTFOUND
36 error syscall getaddrinfo
37 error network getaddrinfo ENOTFOUND registry.npmjs.org registry.npmjs.org:443
37 error network This is most likely not a problem with npm itself
37 error network and is related to network connectivity.
37 error network In most cases you are behind a proxy or have bad network settings.
37 error network
37 error network If you are behind a proxy, please make sure that the
37 error network 'proxy' config is set properly.  See: 'npm help config'
38 verbose exit [ 1, true ]
